[backblue.gif]
[fade.gif]
[index.html]
[ajax.googleapis.com/ajax/libs/webfont/1/webfont.js]
[localhost/category/home/feed/index.html]
[localhost/wp-includes/js/jquery/jquery.min5aed.js]
[localhost/wp-includes/js/jquery/jquery-migrate.min6b00.js]
[localhost/wp-content/uploads/2023/07/سيدتي-removebg-preview.png]
[localhost/wp-content/uploads/2023/07/263474.jpg]
[localhost/wp-content/uploads/2023/07/pexels-luca-sammarco-6162932_0.jpg]
[localhost/wp-content/uploads/2023/07/9dfg_0.jpg]
[localhost/wp-content/uploads/2023/07/268935.jpg]
[localhost/wp-content/uploads/2023/07/أضرار_وفوائد_حبوب_الكولاجين.jpg]
[localhost/wp-content/uploads/2023/07/فيتامين-أ.jpg]
[localhost/wp-content/themes/jannah/assets/js/scripts.mina086.js]
[localhost/wp-content/themes/jannah/assets/ilightbox/lightboxa086.js]
[localhost/wp-content/themes/jannah/assets/js/sliders.mina086.js]
[localhost/wp-content/themes/jannah/assets/js/shortcodesa086.js]
[localhost/wp-content/themes/jannah/assets/js/desktop.mina086.js]
[localhost/wp-content/themes/jannah/assets/js/live-searcha086.js]
[localhost/wp-includes/js/imagesloaded.mineda1.js]
[localhost/wp-includes/js/masonry.min3a05.js]
[localhost/wp-includes/js/jquery/jquery.masonry.minef70.js]
[localhost/category/home/index.html]
[localhost/wp-content/themes/jannah/assets/css/base.mina086.css]
[localhost/wp-content/themes/jannah/assets/images/code-bg.png]
[localhost/wp-content/themes/jannah/assets/css/style.mina086.css]
[localhost/wp-content/themes/jannah/assets/css/widgets.mina086.css]
[localhost/wp-content/themes/jannah/assets/css/helpers.mina086.css]
[localhost/wp-content/themes/jannah/assets/css/fontawesomea086.css]
[localhost/wp-content/themes/jannah/assets/ilightbox/dark-skin/preloader.gif]
[localhost/wp-content/themes/jannah/assets/ilightbox/dark-skin/caption-bg.png]
[localhost/wp-content/themes/jannah/assets/ilightbox/dark-skin/alert.png]
[localhost/wp-content/themes/jannah/assets/ilightbox/dark-skin/buttons.png]
[localhost/wp-content/themes/jannah/assets/ilightbox/dark-skin/fullscreen-icon-64.png]
[localhost/wp-content/themes/jannah/assets/ilightbox/dark-skin/fullscreen-icon-ie.png]
[localhost/wp-content/themes/jannah/assets/ilightbox/dark-skin/x-mark-icon-64.png]
[localhost/wp-content/themes/jannah/assets/ilightbox/dark-skin/x-mark-icon-ie.png]
[localhost/wp-content/themes/jannah/assets/ilightbox/dark-skin/arrow-next-icon-64.png]
[localhost/wp-content/themes/jannah/assets/ilightbox/dark-skin/arrow-next-icon-ie.png]
[localhost/wp-content/themes/jannah/assets/ilightbox/dark-skin/arrow-prev-icon-64.png]
[localhost/wp-content/themes/jannah/assets/ilightbox/dark-skin/arrow-prev-icon-ie.png]
[localhost/wp-content/themes/jannah/assets/ilightbox/dark-skin/play-icon-64.png]
[localhost/wp-content/themes/jannah/assets/ilightbox/dark-skin/play-icon-ie.png]
[localhost/wp-content/themes/jannah/assets/ilightbox/dark-skin/pause-icon-64.png]
[localhost/wp-content/themes/jannah/assets/ilightbox/dark-skin/pause-icon-ie.png]
[localhost/wp-content/themes/jannah/assets/ilightbox/dark-skin/thumb-overlay-play.png]
[localhost/wp-content/themes/jannah/assets/ilightbox/dark-skin/arrow-next-vertical-icon-64.png]
[localhost/wp-content/themes/jannah/assets/ilightbox/dark-skin/arrow-prev-vertical-icon-64.png]
[localhost/wp-content/themes/jannah/assets/ilightbox/dark-skin/skina086.css]
[localhost/wp-content/themes/jannah/assets/css/plugins/shortcodes.mina086.css]
[localhost/wp-content/themes/jannah/rtl.css]
[localhost/category/home/indexa52e.html]
[localhost/wp-content/themes/jannah/assets/ilightbox/dark-skin/ilightbox/closedhand.html]
